2023-Feb-03 12:43:24 Наличие необходимых модулей php (check_php_modules): Ok
Все необходимые модули установлены
2023-Feb-03 12:43:24 Обязательные параметры PHP (check_php_settings): Ok
Настройки правильные
2023-Feb-03 12:43:24 Модули веб-сервера (check_security): Ok
Конфликтов не выявлено
2023-Feb-03 12:43:24 Значения переменных сервера (check_server_vars): Ok
Корректные
2023-Feb-03 12:43:24 Сохранение сессии (check_session): Ok
50% done
2023-Feb-03 12:43:25 Сохранение сессии (check_session): Ok
Успешно
2023-Feb-03 12:43:25 Параметры настройки UTF (mbstring и константа BX_UTF) (check_mbstring): Ok
Правильные. Сайт работает в UTF кодировке
2023-Feb-03 12:43:25 Служебные скрипты в корне сайта (check_install_scripts): Ok
Отсутствуют
2023-Feb-03 12:43:25 Работа с сокетами (check_socket): Ok
Connection to ssl://ostkom.baza23.ru:443	Success

Успешно
2023-Feb-03 12:43:25 Выполнение агентов на cron (check_bx_crontab): Ok
Успешно
2023-Feb-03 12:43:26 Параметры подключения к базе данных (check_dbconn_settings): Ok
Успешно
2023-Feb-03 12:43:26 Лишний вывод в файлах конфигурации (check_dbconn): Ok
Connection to ssl://ostkom.baza23.ru:443	Success

Успешно
2023-Feb-03 12:43:26 Сохранение сессии без UserAgent (check_session_ua): Ok
50% done
Connection to ssl://ostkom.baza23.ru:443	Success

2023-Feb-03 12:43:26 Сохранение сессии без UserAgent (check_session_ua): Ok
Connection to ssl://ostkom.baza23.ru:443	Success

Успешно
2023-Feb-03 12:43:27 Настройки сайтов (check_sites): Ok
Правильные
2023-Feb-03 12:43:27 Передача объектов по ссылке (check_clone): Ok
Успешно
2023-Feb-03 12:43:27 Размер стека и pcre.recursion_limit (check_pcre_recursion): Ok
Connection to ssl://ostkom.baza23.ru:443	Success

Успешно
2023-Feb-03 12:43:27 Загрузка файла (check_upload): Ok
Connection to ssl://ostkom.baza23.ru:443	Success

Успешно
2023-Feb-03 12:43:27 Загрузка файла больше 4Мб (check_upload_big): Ok
Connection to ssl://ostkom.baza23.ru:443	Success

Успешно
2023-Feb-03 12:43:28 Загрузка файла через php://input (check_upload_raw): Ok
Connection to ssl://ostkom.baza23.ru:443	Success

Успешно
2023-Feb-03 12:43:28 Передача POST запроса с большим числом параметров (check_post): Ok
Connection to ssl://ostkom.baza23.ru:443	Success

Успешно
2023-Feb-03 12:43:29 Отправка почты (check_mail): Ok
Успешно
2023-Feb-03 12:43:30 Отправка почтового сообщения больше 64Кб (check_mail_big): Warning
Замечание. Отправлено. Время отправки: 1.06 сек.
2023-Feb-03 12:43:30 Проверка на наличие неотправленных сообщений (check_mail_b_event): Ok
Успешно
2023-Feb-03 12:43:30 Внутреннее перенаправление (функция LocalRedirect) (check_localredirect): Ok
50% done
Connection to ssl://ostkom.baza23.ru:443	Success

2023-Feb-03 12:43:30 Внутреннее перенаправление (функция LocalRedirect) (check_localredirect): Ok
Connection to ssl://ostkom.baza23.ru:443	Success

Успешно
2023-Feb-03 12:43:30 Фактическое ограничение памяти (check_memory_limit): Ok
20% done
Connection to ssl://ostkom.baza23.ru:443	Success

2023-Feb-03 12:43:31 Фактическое ограничение памяти (check_memory_limit): Ok
40% done
Connection to ssl://ostkom.baza23.ru:443	Success

2023-Feb-03 12:43:31 Фактическое ограничение памяти (check_memory_limit): Ok
60% done
Connection to ssl://ostkom.baza23.ru:443	Success

2023-Feb-03 12:43:31 Фактическое ограничение памяти (check_memory_limit): Ok
80% done
Connection to ssl://ostkom.baza23.ru:443	Success

2023-Feb-03 12:43:32 Фактическое ограничение памяти (check_memory_limit): Ok
Connection to ssl://ostkom.baza23.ru:443	Success

Не менее 256 М
2023-Feb-03 12:43:32 Работа с файлами кеша (check_cache): Ok
Успешно
2023-Feb-03 12:43:32 Доступ к серверу обновлений (check_update): Ok
Успешно
2023-Feb-03 12:43:32 HTTP авторизация (check_http_auth): Ok
Connection to ssl://ostkom.baza23.ru:443	Success

Успешно
2023-Feb-03 12:43:32 Создание и запуск файла (check_exec): Ok
Connection to ssl://ostkom.baza23.ru:443	Success

Успешно
2023-Feb-03 12:43:32 Функция getimagesize для swf (check_getimagesize): Ok
Успешно
2023-Feb-03 12:43:32 Версия MySQL-сервера (check_mysql_bug_version): Ok
Успешно
2023-Feb-03 12:43:33 Время на БД и веб-сервере (check_mysql_time): Ok
Успешно
2023-Feb-03 12:43:33 Режим работы MySQL (check_mysql_mode): Ok
Успешно
2023-Feb-03 12:43:33 Кодировка соединения (check_mysql_connection_charset): Ok
character_set_connection=utf8, collation_connection=utf8_unicode_ci, character_set_results=utf8
Успешно
2023-Feb-03 12:43:33 Кодировка базы данных (check_mysql_db_charset): Ok
CHARSET=utf8mb3, COLLATION=utf8mb3_unicode_ci
Успешно
2023-Feb-03 12:43:35 Кодировки таблиц в БД (check_mysql_table_charset): Ok
Успешно
2023-Feb-03 12:43:40 Структура базы данных (check_mysql_table_structure): Ok
0% done
2023-Feb-03 12:43:48 Структура базы данных (check_mysql_table_structure): Ok
3% done
2023-Feb-03 12:44:14 Структура базы данных (check_mysql_table_structure): Ok
7% done
2023-Feb-03 12:44:28 Структура базы данных (check_mysql_table_structure): Ok
11% done
2023-Feb-03 12:44:38 Структура базы данных (check_mysql_table_structure): Ok
15% done
2023-Feb-03 12:44:38 Структура базы данных (check_mysql_table_structure): Ok
19% done
2023-Feb-03 12:44:45 Структура базы данных (check_mysql_table_structure): Ok
23% done
2023-Feb-03 12:44:46 Структура базы данных (check_mysql_table_structure): Ok
26% done
2023-Feb-03 12:44:55 Структура базы данных (check_mysql_table_structure): Ok
30% done
2023-Feb-03 12:44:55 Структура базы данных (check_mysql_table_structure): Ok
34% done
2023-Feb-03 12:45:31 Структура базы данных (check_mysql_table_structure): Ok
38% done
2023-Feb-03 12:45:32 Структура базы данных (check_mysql_table_structure): Ok
42% done
2023-Feb-03 12:45:34 Структура базы данных (check_mysql_table_structure): Ok
46% done
2023-Feb-03 12:45:41 Структура базы данных (check_mysql_table_structure): Ok
50% done
2023-Feb-03 12:45:47 Структура базы данных (check_mysql_table_structure): Ok
53% done
2023-Feb-03 12:45:59 Структура базы данных (check_mysql_table_structure): Ok
57% done
2023-Feb-03 12:45:59 Структура базы данных (check_mysql_table_structure): Ok
61% done
2023-Feb-03 12:46:14 Структура базы данных (check_mysql_table_structure): Ok
65% done
2023-Feb-03 12:47:53 Структура базы данных (check_mysql_table_structure): Ok
69% done
2023-Feb-03 12:48:10 Структура базы данных (check_mysql_table_structure): Ok
73% done
2023-Feb-03 12:48:18 Структура базы данных (check_mysql_table_structure): Ok
76% done
2023-Feb-03 12:48:24 Структура базы данных (check_mysql_table_structure): Ok
80% done
2023-Feb-03 12:48:24 Структура базы данных (check_mysql_table_structure): Ok
84% done
2023-Feb-03 12:48:48 Структура базы данных (check_mysql_table_structure): Ok
88% done
2023-Feb-03 12:48:56 Структура базы данных (check_mysql_table_structure): Ok
92% done
2023-Feb-03 12:48:58 Структура базы данных (check_mysql_table_structure): Ok
96% done
2023-Feb-03 12:48:58 Структура базы данных (check_mysql_table_structure): Ok
Успешно
